Command line:
   Floatingmul_tb_isim_beh.exe
     -simmode  gui
     -simrunnum  0
     -socket  50302

Thu Oct 05 10:28:30 2017


 Elaboration Time: 0.1875 sec

 Current Memory Usage: 1141.72 Meg

 Total Signals          : 18
 Total Nets             : 110
 Total Signal Drivers   : 8
 Total Blocks           : 3
 Total Primitive Blocks : 2
 Total Processes        : 11
 Total Traceable Variables  : 21
 Total Scalar Nets and Variables : 255
Total Line Count : 22

 Total Simulation Time: 0.203125 sec

 Current Memory Usage: 1141.72 Meg

Thu Oct 05 10:28:35 2017

